Reading netlist file: "C:\Users\cruza\Documents\FPGA\final1\impl\gwsynthesis\final1.vg"
Parsing netlist file "C:\Users\cruza\Documents\FPGA\final1\impl\gwsynthesis\final1.vg" completed
Processing netlist completed
Reading constraint file: "C:\Users\cruza\Documents\FPGA\final1\src\LCD.cst"
Physical Constraint parsed completed
Running placement......
[10%] Placement Phase 0 completed
[20%] Placement Phase 1 completed
[30%] Placement Phase 2 completed
[50%] Placement Phase 3 completed
Running routing......
[60%] Routing Phase 0 completed
[70%] Routing Phase 1 completed
[80%] Routing Phase 2 completed
[90%] Routing Phase 3 completed
Running timing analysis......
[95%] Timing analysis completed
Placement and routing completed
Bitstream generation in progress......
Bitstream generation completed
Running power analysis......
[100%] Power analysis completed
Generate file "C:\Users\cruza\Documents\FPGA\final1\impl\pnr\final1.power.html" completed
Generate file "C:\Users\cruza\Documents\FPGA\final1\impl\pnr\final1.pin.html" completed
Generate file "C:\Users\cruza\Documents\FPGA\final1\impl\pnr\final1.rpt.html" completed
Generate file "C:\Users\cruza\Documents\FPGA\final1\impl\pnr\final1.rpt.txt" completed
Generate file "C:\Users\cruza\Documents\FPGA\final1\impl\pnr\final1.tr.html" completed
Mon Jul 28 03:27:19 2025

